<?xml version="1.0" encoding="UTF-8"?>
<!-- Generated by org.testng.reporters.JUnitReportReporter -->
<testsuite hostname="LAPTOP-ALB1PIQL" failures="0" tests="2" name="automationstore.Eva2" time="7.273" errors="0" timestamp="2024-08-26T22:57:23 IST" skipped="0">
  <testcase classname="automationstore.Eva2" name="t2" time="4.883"/>
  <testcase classname="automationstore.Eva2" name="t1" time="2.390"/>
</testsuite> <!-- automationstore.Eva2 -->
